<?xml version="1.0" encoding="UTF-8"?>
<testsuite xmlns:xsi="http://www.w3.org/2001/XMLSchema-instance" xsi:noNamespaceSchemaLocation="https://maven.apache.org/surefire/maven-surefire-plugin/xsd/surefire-test-report-3.0.xsd" version="3.0" name="BinaryTreeTest.BinaryTreeTest" time="0.411" tests="50" errors="0" skipped="0" failures="0">
  <properties>
    <property name="java.specification.version" value="17"/>
    <property name="sun.jnu.encoding" value="UTF-8"/>
    <property name="java.class.path" value="/home/kirill_kazarin/Рабочий стол/java.labs/(lab_4)binary_tree/target/test-classes:/home/kirill_kazarin/Рабочий стол/java.labs/(lab_4)binary_tree/target/classes:/home/kirill_kazarin/.m2/repository/org/junit/jupiter/junit-jupiter/5.8.1/junit-jupiter-5.8.1.jar:/home/kirill_kazarin/.m2/repository/org/junit/jupiter/junit-jupiter-api/5.8.1/junit-jupiter-api-5.8.1.jar:/home/kirill_kazarin/.m2/repository/org/opentest4j/opentest4j/1.2.0/opentest4j-1.2.0.jar:/home/kirill_kazarin/.m2/repository/org/junit/platform/junit-platform-commons/1.8.1/junit-platform-commons-1.8.1.jar:/home/kirill_kazarin/.m2/repository/org/apiguardian/apiguardian-api/1.1.2/apiguardian-api-1.1.2.jar:/home/kirill_kazarin/.m2/repository/org/junit/jupiter/junit-jupiter-params/5.8.1/junit-jupiter-params-5.8.1.jar:/home/kirill_kazarin/.m2/repository/org/junit/jupiter/junit-jupiter-engine/5.8.1/junit-jupiter-engine-5.8.1.jar:/home/kirill_kazarin/.m2/repository/org/junit/platform/junit-platform-engine/1.8.1/junit-platform-engine-1.8.1.jar:/home/kirill_kazarin/.m2/repository/org/jetbrains/annotations/22.0.0/annotations-22.0.0.jar:"/>
    <property name="java.vm.vendor" value="Private Build"/>
    <property name="sun.arch.data.model" value="64"/>
    <property name="java.vendor.url" value="Unknown"/>
    <property name="os.name" value="Linux"/>
    <property name="java.vm.specification.version" value="17"/>
    <property name="sun.java.launcher" value="SUN_STANDARD"/>
    <property name="user.country" value="RU"/>
    <property name="sun.boot.library.path" value="/usr/lib/jvm/java-17-openjdk-amd64/lib"/>
    <property name="sun.java.command" value="/home/kirill_kazarin/Рабочий стол/java.labs/(lab_4)binary_tree/target/surefire/surefirebooter7802653082715818531.jar /home/kirill_kazarin/Рабочий стол/java.labs/(lab_4)binary_tree/target/surefire 2021-12-21T21-23-11_060-jvmRun1 surefire9849543844759647649tmp surefire_02806409443191691039tmp"/>
    <property name="jdk.debug" value="release"/>
    <property name="surefire.test.class.path" value="/home/kirill_kazarin/Рабочий стол/java.labs/(lab_4)binary_tree/target/test-classes:/home/kirill_kazarin/Рабочий стол/java.labs/(lab_4)binary_tree/target/classes:/home/kirill_kazarin/.m2/repository/org/junit/jupiter/junit-jupiter/5.8.1/junit-jupiter-5.8.1.jar:/home/kirill_kazarin/.m2/repository/org/junit/jupiter/junit-jupiter-api/5.8.1/junit-jupiter-api-5.8.1.jar:/home/kirill_kazarin/.m2/repository/org/opentest4j/opentest4j/1.2.0/opentest4j-1.2.0.jar:/home/kirill_kazarin/.m2/repository/org/junit/platform/junit-platform-commons/1.8.1/junit-platform-commons-1.8.1.jar:/home/kirill_kazarin/.m2/repository/org/apiguardian/apiguardian-api/1.1.2/apiguardian-api-1.1.2.jar:/home/kirill_kazarin/.m2/repository/org/junit/jupiter/junit-jupiter-params/5.8.1/junit-jupiter-params-5.8.1.jar:/home/kirill_kazarin/.m2/repository/org/junit/jupiter/junit-jupiter-engine/5.8.1/junit-jupiter-engine-5.8.1.jar:/home/kirill_kazarin/.m2/repository/org/junit/platform/junit-platform-engine/1.8.1/junit-platform-engine-1.8.1.jar:/home/kirill_kazarin/.m2/repository/org/jetbrains/annotations/22.0.0/annotations-22.0.0.jar:"/>
    <property name="sun.cpu.endian" value="little"/>
    <property name="user.home" value="/home/kirill_kazarin"/>
    <property name="user.language" value="ru"/>
    <property name="java.specification.vendor" value="Oracle Corporation"/>
    <property name="java.version.date" value="2021-10-19"/>
    <property name="java.home" value="/usr/lib/jvm/java-17-openjdk-amd64"/>
    <property name="file.separator" value="/"/>
    <property name="basedir" value="/home/kirill_kazarin/Рабочий стол/java.labs/(lab_4)binary_tree"/>
    <property name="java.vm.compressedOopsMode" value="Zero based"/>
    <property name="line.separator" value="&#10;"/>
    <property name="java.vm.specification.vendor" value="Oracle Corporation"/>
    <property name="java.specification.name" value="Java Platform API Specification"/>
    <property name="surefire.real.class.path" value="/home/kirill_kazarin/Рабочий стол/java.labs/(lab_4)binary_tree/target/surefire/surefirebooter7802653082715818531.jar"/>
    <property name="sun.management.compiler" value="HotSpot 64-Bit Tiered Compilers"/>
    <property name="java.runtime.version" value="17.0.1+12-Ubuntu-120.04"/>
    <property name="user.name" value="kirill_kazarin"/>
    <property name="path.separator" value=":"/>
    <property name="os.version" value="5.11.0-43-generic"/>
    <property name="java.runtime.name" value="OpenJDK Runtime Environment"/>
    <property name="file.encoding" value="UTF-8"/>
    <property name="java.vm.name" value="OpenJDK 64-Bit Server VM"/>
    <property name="localRepository" value="/home/kirill_kazarin/.m2/repository"/>
    <property name="java.vendor.url.bug" value="Unknown"/>
    <property name="java.io.tmpdir" value="/tmp"/>
    <property name="java.version" value="17.0.1"/>
    <property name="user.dir" value="/home/kirill_kazarin/Рабочий стол/java.labs/(lab_4)binary_tree"/>
    <property name="os.arch" value="amd64"/>
    <property name="java.vm.specification.name" value="Java Virtual Machine Specification"/>
    <property name="native.encoding" value="UTF-8"/>
    <property name="java.library.path" value="/usr/java/packages/lib:/usr/lib/x86_64-linux-gnu/jni:/lib/x86_64-linux-gnu:/usr/lib/x86_64-linux-gnu:/usr/lib/jni:/lib:/usr/lib"/>
    <property name="java.vm.info" value="mixed mode, sharing"/>
    <property name="java.vendor" value="Private Build"/>
    <property name="java.vm.version" value="17.0.1+12-Ubuntu-120.04"/>
    <property name="sun.io.unicode.encoding" value="UnicodeLittle"/>
    <property name="java.class.version" value="61.0"/>
  </properties>
  <testcase name="dellALLElementsTest(String[])[1]" classname="BinaryTreeTest.BinaryTreeTest" time="0.046"/>
  <testcase name="dellALLElementsTest(String[])[2]" classname="BinaryTreeTest.BinaryTreeTest" time="0.004"/>
  <testcase name="dellALLElementsTest(String[])[3]" classname="BinaryTreeTest.BinaryTreeTest" time="0.002"/>
  <testcase name="dellALLElementsTest(String[])[4]" classname="BinaryTreeTest.BinaryTreeTest" time="0.002"/>
  <testcase name="dellALLElementsTest(String[])[5]" classname="BinaryTreeTest.BinaryTreeTest" time="0.002"/>
  <testcase name="dellALLElementsTest(String[])[6]" classname="BinaryTreeTest.BinaryTreeTest" time="0.002"/>
  <testcase name="dellALLElementsTest(String[])[7]" classname="BinaryTreeTest.BinaryTreeTest" time="0.002"/>
  <testcase name="dellALLElementsTest(String[])[8]" classname="BinaryTreeTest.BinaryTreeTest" time="0.001"/>
  <testcase name="dellALLElementsTest(String[])[9]" classname="BinaryTreeTest.BinaryTreeTest" time="0.002"/>
  <testcase name="dellALLElementsTest(String[])[10]" classname="BinaryTreeTest.BinaryTreeTest" time="0.002"/>
  <testcase name="searchElementOfTreeTest(String[])[1]" classname="BinaryTreeTest.BinaryTreeTest" time="0.007"/>
  <testcase name="searchElementOfTreeTest(String[])[2]" classname="BinaryTreeTest.BinaryTreeTest" time="0.001"/>
  <testcase name="searchElementOfTreeTest(String[])[3]" classname="BinaryTreeTest.BinaryTreeTest" time="0.001"/>
  <testcase name="searchElementOfTreeTest(String[])[4]" classname="BinaryTreeTest.BinaryTreeTest" time="0.001"/>
  <testcase name="searchElementOfTreeTest(String[])[5]" classname="BinaryTreeTest.BinaryTreeTest" time="0.001"/>
  <testcase name="searchElementOfTreeTest(String[])[6]" classname="BinaryTreeTest.BinaryTreeTest" time="0.002"/>
  <testcase name="searchElementOfTreeTest(String[])[7]" classname="BinaryTreeTest.BinaryTreeTest" time="0.001"/>
  <testcase name="searchElementOfTreeTest(String[])[8]" classname="BinaryTreeTest.BinaryTreeTest" time="0.001"/>
  <testcase name="searchElementOfTreeTest(String[])[9]" classname="BinaryTreeTest.BinaryTreeTest" time="0.001"/>
  <testcase name="searchElementOfTreeTest(String[])[10]" classname="BinaryTreeTest.BinaryTreeTest" time="0.001"/>
  <testcase name="copyConstructorTest(String[])[1]" classname="BinaryTreeTest.BinaryTreeTest" time="0.003"/>
  <testcase name="copyConstructorTest(String[])[2]" classname="BinaryTreeTest.BinaryTreeTest" time="0.001"/>
  <testcase name="copyConstructorTest(String[])[3]" classname="BinaryTreeTest.BinaryTreeTest" time="0.002"/>
  <testcase name="copyConstructorTest(String[])[4]" classname="BinaryTreeTest.BinaryTreeTest" time="0.001"/>
  <testcase name="copyConstructorTest(String[])[5]" classname="BinaryTreeTest.BinaryTreeTest" time="0.007"/>
  <testcase name="copyConstructorTest(String[])[6]" classname="BinaryTreeTest.BinaryTreeTest" time="0.002"/>
  <testcase name="copyConstructorTest(String[])[7]" classname="BinaryTreeTest.BinaryTreeTest" time="0.002"/>
  <testcase name="copyConstructorTest(String[])[8]" classname="BinaryTreeTest.BinaryTreeTest" time="0.001"/>
  <testcase name="copyConstructorTest(String[])[9]" classname="BinaryTreeTest.BinaryTreeTest" time="0.001"/>
  <testcase name="copyConstructorTest(String[])[10]" classname="BinaryTreeTest.BinaryTreeTest" time="0.002"/>
  <testcase name="addElementTest(String[])[1]" classname="BinaryTreeTest.BinaryTreeTest" time="0.002"/>
  <testcase name="addElementTest(String[])[2]" classname="BinaryTreeTest.BinaryTreeTest" time="0.001"/>
  <testcase name="addElementTest(String[])[3]" classname="BinaryTreeTest.BinaryTreeTest" time="0.005"/>
  <testcase name="addElementTest(String[])[4]" classname="BinaryTreeTest.BinaryTreeTest" time="0.001"/>
  <testcase name="addElementTest(String[])[5]" classname="BinaryTreeTest.BinaryTreeTest" time="0.001"/>
  <testcase name="addElementTest(String[])[6]" classname="BinaryTreeTest.BinaryTreeTest" time="0.001"/>
  <testcase name="addElementTest(String[])[7]" classname="BinaryTreeTest.BinaryTreeTest" time="0.001"/>
  <testcase name="addElementTest(String[])[8]" classname="BinaryTreeTest.BinaryTreeTest" time="0.005"/>
  <testcase name="addElementTest(String[])[9]" classname="BinaryTreeTest.BinaryTreeTest" time="0.001"/>
  <testcase name="addElementTest(String[])[10]" classname="BinaryTreeTest.BinaryTreeTest" time="0.001"/>
  <testcase name="getNumberOfElementTest(String[])[1]" classname="BinaryTreeTest.BinaryTreeTest" time="0.001"/>
  <testcase name="getNumberOfElementTest(String[])[2]" classname="BinaryTreeTest.BinaryTreeTest" time="0.001"/>
  <testcase name="getNumberOfElementTest(String[])[3]" classname="BinaryTreeTest.BinaryTreeTest" time="0.001"/>
  <testcase name="getNumberOfElementTest(String[])[4]" classname="BinaryTreeTest.BinaryTreeTest" time="0.001"/>
  <testcase name="getNumberOfElementTest(String[])[5]" classname="BinaryTreeTest.BinaryTreeTest" time="0.006"/>
  <testcase name="getNumberOfElementTest(String[])[6]" classname="BinaryTreeTest.BinaryTreeTest" time="0.001"/>
  <testcase name="getNumberOfElementTest(String[])[7]" classname="BinaryTreeTest.BinaryTreeTest" time="0.001"/>
  <testcase name="getNumberOfElementTest(String[])[8]" classname="BinaryTreeTest.BinaryTreeTest" time="0.004"/>
  <testcase name="getNumberOfElementTest(String[])[9]" classname="BinaryTreeTest.BinaryTreeTest" time="0.001"/>
  <testcase name="getNumberOfElementTest(String[])[10]" classname="BinaryTreeTest.BinaryTreeTest" time="0.002"/>
</testsuite>